<?xml version="1.0" encoding="UTF-8"?>
<!-- Generated by org.testng.reporters.JUnitXMLReporter -->
<testsuite hostname="pan-konan" ignored="0" name="Default test" tests="10" failures="0" timestamp="2019-12-27T16:39:58 MSK" time="1.631" errors="0">
  <testcase name="buildGemsDOMBuilderTest" time="0.019" classname="test.kononov.parsing.factory.BuilderFactoryTest"/>
  <testcase name="buildGemsSAXBuilderTest" time="0.008" classname="test.kononov.parsing.factory.BuilderFactoryTest"/>
  <testcase name="buildGemsStAXBuilderTest" time="0.044" classname="test.kononov.parsing.factory.BuilderFactoryTest"/>
  <testcase name="validateNegativeXSD" time="0.254" classname="test.kononov.parsing.validator.XsdValidatorTest"/>
  <testcase name="validatePositiveXSD" time="0.023" classname="test.kononov.parsing.validator.XsdValidatorTest"/>
  <testcase name="executeTest" time="0.043" classname="test.kononov.parsing.command.ParsingCommandTest"/>
  <testcase name="defineCommandTest" time="0.003" classname="test.kononov.parsing.service.CommandProviderTest"/>
  <testcase name="executeTest" time="0.004" classname="test.kononov.parsing.command.HomeCommandTest"/>
  <testcase name="getLineAddressTest" time="0.002" classname="test.kononov.parsing.validator.ErrorHandlerTest"/>
  <testcase name="receiveGemListTest" time="0.004" classname="test.kononov.parsing.service.ParsingLogicTest"/>
</testsuite> <!-- Default test -->
